<?xml version="1.0" encoding="UTF-8" ?>
<testsuites disabled="0" errors="0" failures="6" tests="6" time="8.648">
 <testsuite name="NPM Package registry integration tests" timestamp="2019-01-05T20:38:54" hostname="localhost" time="3.591" errors="0" tests="3" skipped="0" disabled="0" failures="6">
  <testcase classname="NPM Package registry integration tests" name="test that packages can be found in the registry" time="1.629">
   <failure type="exception" message="SyntaxError: Unexpected token o in JSON at position 1"><![CDATA[at <Jasmine>
    at NpmSearch2Package.toModel (c:\work\data\moduleconf\web\npm-search-test\src\npm\npm-search-2-package.ts:7:31)
    at c:\work\data\moduleconf\web\npm-search-test\src\npm\npm-package-registry-npm.ts:33:52
    at c:\work\data\moduleconf\web\npm-search-test\node_modules\npm\lib\search.js:87:5
    at c:\work\data\moduleconf\web\npm-search-test\node_modules\npm\node_modules\pump\index.js:75:7
    at f (c:\work\data\moduleconf\web\npm-search-test\node_modules\npm\node_modules\once\once.js:25:25)
    at Pumpify.<anonymous> (c:\work\data\moduleconf\web\npm-search-test\node_modules\npm\node_modules\pump\index.js:33:5)
    at Pumpify.f (c:\work\data\moduleconf\web\npm-search-test\node_modules\npm\node_modules\once\once.js:25:25)
    at Pumpify.onfinish (c:\work\data\moduleconf\web\npm-search-test\node_modules\npm\node_modules\end-of-stream\index.js:30:27)
    at emitNone (events.js:111:20)]]>
   </failure>
   <failure type="exception" message="Failed: Unexpected token o in JSON at position 1"><![CDATA[at <Jasmine>
    at NpmSearch2Package.toModel (c:\work\data\moduleconf\web\npm-search-test\src\npm\npm-search-2-package.ts:7:31)
    at c:\work\data\moduleconf\web\npm-search-test\src\npm\npm-package-registry-npm.ts:33:52
    at c:\work\data\moduleconf\web\npm-search-test\node_modules\npm\lib\search.js:87:5
    at c:\work\data\moduleconf\web\npm-search-test\node_modules\npm\node_modules\pump\index.js:75:7
    at f (c:\work\data\moduleconf\web\npm-search-test\node_modules\npm\node_modules\once\once.js:25:25)
    at Pumpify.<anonymous> (c:\work\data\moduleconf\web\npm-search-test\node_modules\npm\node_modules\pump\index.js:33:5)
    at Pumpify.f (c:\work\data\moduleconf\web\npm-search-test\node_modules\npm\node_modules\once\once.js:25:25)
    at Pumpify.onfinish (c:\work\data\moduleconf\web\npm-search-test\node_modules\npm\node_modules\end-of-stream\index.js:30:27)
    at emitNone (events.js:111:20)]]>
   </failure>
  </testcase>
  <testcase classname="NPM Package registry integration tests" name="test that packages can be found in the registry for multiple keywords" time="1.141">
   <failure type="exception" message="SyntaxError: Unexpected token o in JSON at position 1"><![CDATA[at <Jasmine>
    at NpmSearch2Package.toModel (c:\work\data\moduleconf\web\npm-search-test\src\npm\npm-search-2-package.ts:7:31)
    at c:\work\data\moduleconf\web\npm-search-test\src\npm\npm-package-registry-npm.ts:33:52
    at c:\work\data\moduleconf\web\npm-search-test\node_modules\npm\lib\search.js:87:5
    at c:\work\data\moduleconf\web\npm-search-test\node_modules\npm\node_modules\pump\index.js:75:7
    at f (c:\work\data\moduleconf\web\npm-search-test\node_modules\npm\node_modules\once\once.js:25:25)
    at Pumpify.<anonymous> (c:\work\data\moduleconf\web\npm-search-test\node_modules\npm\node_modules\pump\index.js:33:5)
    at Pumpify.f (c:\work\data\moduleconf\web\npm-search-test\node_modules\npm\node_modules\once\once.js:25:25)
    at Pumpify.onfinish (c:\work\data\moduleconf\web\npm-search-test\node_modules\npm\node_modules\end-of-stream\index.js:30:27)
    at emitNone (events.js:111:20)]]>
   </failure>
   <failure type="exception" message="Failed: Unexpected token o in JSON at position 1"><![CDATA[at <Jasmine>
    at NpmSearch2Package.toModel (c:\work\data\moduleconf\web\npm-search-test\src\npm\npm-search-2-package.ts:7:31)
    at c:\work\data\moduleconf\web\npm-search-test\src\npm\npm-package-registry-npm.ts:33:52
    at c:\work\data\moduleconf\web\npm-search-test\node_modules\npm\lib\search.js:87:5
    at c:\work\data\moduleconf\web\npm-search-test\node_modules\npm\node_modules\pump\index.js:75:7
    at f (c:\work\data\moduleconf\web\npm-search-test\node_modules\npm\node_modules\once\once.js:25:25)
    at Pumpify.<anonymous> (c:\work\data\moduleconf\web\npm-search-test\node_modules\npm\node_modules\pump\index.js:33:5)
    at Pumpify.f (c:\work\data\moduleconf\web\npm-search-test\node_modules\npm\node_modules\once\once.js:25:25)
    at Pumpify.onfinish (c:\work\data\moduleconf\web\npm-search-test\node_modules\npm\node_modules\end-of-stream\index.js:30:27)
    at emitNone (events.js:111:20)]]>
   </failure>
  </testcase>
  <testcase classname="NPM Package registry integration tests" name="test that not finding any result does not result in an error" time="0.81">
   <failure type="exception" message="SyntaxError: Unexpected token o in JSON at position 1"><![CDATA[at <Jasmine>
    at NpmSearch2Package.toModel (c:\work\data\moduleconf\web\npm-search-test\src\npm\npm-search-2-package.ts:7:31)
    at c:\work\data\moduleconf\web\npm-search-test\src\npm\npm-package-registry-npm.ts:33:52
    at c:\work\data\moduleconf\web\npm-search-test\node_modules\npm\lib\search.js:87:5
    at c:\work\data\moduleconf\web\npm-search-test\node_modules\npm\node_modules\pump\index.js:75:7
    at f (c:\work\data\moduleconf\web\npm-search-test\node_modules\npm\node_modules\once\once.js:25:25)
    at Pumpify.<anonymous> (c:\work\data\moduleconf\web\npm-search-test\node_modules\npm\node_modules\pump\index.js:33:5)
    at Pumpify.f (c:\work\data\moduleconf\web\npm-search-test\node_modules\npm\node_modules\once\once.js:25:25)
    at Pumpify.onfinish (c:\work\data\moduleconf\web\npm-search-test\node_modules\npm\node_modules\end-of-stream\index.js:30:27)
    at emitNone (events.js:111:20)]]>
   </failure>
   <failure type="exception" message="Failed: Unexpected token o in JSON at position 1"><![CDATA[at <Jasmine>
    at NpmSearch2Package.toModel (c:\work\data\moduleconf\web\npm-search-test\src\npm\npm-search-2-package.ts:7:31)
    at c:\work\data\moduleconf\web\npm-search-test\src\npm\npm-package-registry-npm.ts:33:52
    at c:\work\data\moduleconf\web\npm-search-test\node_modules\npm\lib\search.js:87:5
    at c:\work\data\moduleconf\web\npm-search-test\node_modules\npm\node_modules\pump\index.js:75:7
    at f (c:\work\data\moduleconf\web\npm-search-test\node_modules\npm\node_modules\once\once.js:25:25)
    at Pumpify.<anonymous> (c:\work\data\moduleconf\web\npm-search-test\node_modules\npm\node_modules\pump\index.js:33:5)
    at Pumpify.f (c:\work\data\moduleconf\web\npm-search-test\node_modules\npm\node_modules\once\once.js:25:25)
    at Pumpify.onfinish (c:\work\data\moduleconf\web\npm-search-test\node_modules\npm\node_modules\end-of-stream\index.js:30:27)
    at emitNone (events.js:111:20)]]>
   </failure>
  </testcase>
 </testsuite>
 <testsuite name="NPM Package registry integration tests" timestamp="2019-01-05T20:38:57" hostname="localhost" time="5.057" errors="0" tests="3" skipped="0" disabled="0" failures="0">
  <testcase classname="NPM Package registry integration tests" name="test that packages can be found in the registry" time="1.584" />
  <testcase classname="NPM Package registry integration tests" name="test that packages can be found in the registry for multiple keywords" time="1.599" />
  <testcase classname="NPM Package registry integration tests" name="test that not finding any result does not result in an error" time="1.868" />
 </testsuite>
</testsuites>